#! /usr/bin/vvp
:ivl_version "10.2 (stable)";
:ivl_delay_selection "TYPICAL";
:vpi_time_precision - 9;
:vpi_module "system";
:vpi_module "vhdl_sys";
:vpi_module "v2005_math";
:vpi_module "va_math";
S_0x55aca9481f70 .scope module, "Counter_tb" "Counter_tb" 2 10;
 .timescale -8 -9;
v0x55aca94a9cc0_0 .var "clk", 0 0;
v0x55aca94a9d80_0 .var "enable", 0 0;
v0x55aca94a9e50_0 .var/i "num_cycles", 31 0;
v0x55aca94a9f20_0 .var "numberIn", 3 0;
v0x55aca94a9ff0_0 .net "numberOut", 3 0, v0x55aca94a9950_0;  1 drivers
v0x55aca94aa0e0_0 .var "rst", 0 0;
S_0x55aca94820f0 .scope module, "dut" "Counter" 2 18, 3 1 0, S_0x55aca9481f70;
 .timescale -8 -9;
    .port_info 0 /INPUT 1 "clk"
    .port_info 1 /INPUT 1 "rst"
    .port_info 2 /INPUT 1 "enable"
    .port_info 3 /INPUT 4 "numberIn"
    .port_info 4 /OUTPUT 4 "numberOut"
    .port_info 5 /OUTPUT 1 "threshold"
P_0x55aca94860d0 .param/l "BASE" 0 3 9, +C4<00000000000000000000000000001010>;
P_0x55aca9486110 .param/l "NUMBER_OF_NYBLES" 0 3 10, +C4<00000000000000000000000000000001>;
v0x55aca944a340_0 .net "clk", 0 0, v0x55aca94a9cc0_0;  1 drivers
v0x55aca94a97a0_0 .net "enable", 0 0, v0x55aca94a9d80_0;  1 drivers
v0x55aca94a9860_0 .net "numberIn", 3 0, v0x55aca94a9f20_0;  1 drivers
v0x55aca94a9950_0 .var "numberOut", 3 0;
v0x55aca94a9a30_0 .net "rst", 0 0, v0x55aca94aa0e0_0;  1 drivers
v0x55aca94a9b40_0 .var "threshold", 0 0;
E_0x55aca947fe00 .event posedge, v0x55aca94a9a30_0, v0x55aca944a340_0;
    .scope S_0x55aca94820f0;
T_0 ;
    %wait E_0x55aca947fe00;
    %load/vec4 v0x55aca94a9a30_0;
    %flag_set/vec4 8;
    %jmp/0xz  T_0.0, 8;
    %pushi/vec4 0, 0, 4;
    %assign/vec4 v0x55aca94a9950_0, 0;
    %jmp T_0.1;
T_0.0 ;
    %load/vec4 v0x55aca94a97a0_0;
    %flag_set/vec4 8;
    %jmp/0xz  T_0.2, 8;
    %pushi/vec4 0, 0, 32;
    %load/vec4 v0x55aca94a9860_0;
    %pad/u 32;
    %cmp/u;
    %flag_get/vec4 4;
    %flag_get/vec4 5;
    %or;
    %load/vec4 v0x55aca94a9860_0;
    %pad/u 32;
    %cmpi/u 9, 0, 32;
    %flag_get/vec4 5;
    %and;
    %flag_set/vec4 8;
    %jmp/0 T_0.4, 8;
    %load/vec4 v0x55aca94a9860_0;
    %addi 1, 0, 4;
    %jmp/1 T_0.5, 8;
T_0.4 ; End of true expr.
    %pushi/vec4 0, 0, 4;
    %jmp/0 T_0.5, 8;
 ; End of false expr.
    %blend;
T_0.5;
    %assign/vec4 v0x55aca94a9950_0, 0;
    %load/vec4 v0x55aca94a9950_0;
    %pad/u 32;
    %cmpi/e 8, 0, 32;
    %flag_mov 8, 4;
    %jmp/0 T_0.6, 8;
    %pushi/vec4 1, 0, 2;
    %jmp/1 T_0.7, 8;
T_0.6 ; End of true expr.
    %pushi/vec4 0, 0, 2;
    %jmp/0 T_0.7, 8;
 ; End of false expr.
    %blend;
T_0.7;
    %pad/s 1;
    %assign/vec4 v0x55aca94a9b40_0, 0;
T_0.2 ;
T_0.1 ;
    %jmp T_0;
    .thread T_0;
    .scope S_0x55aca9481f70;
T_1 ;
    %pushi/vec4 0, 0, 32;
    %store/vec4 v0x55aca94a9e50_0, 0, 32;
    %end;
    .thread T_1;
    .scope S_0x55aca9481f70;
T_2 ;
    %vpi_call 2 29 "$monitor", "%64d\012", v0x55aca94a9e50_0 {0 0 0};
    %vpi_call 2 30 "$dumpfile", "Counter_tb.vcd" {0 0 0};
    %vpi_call 2 31 "$dumpvars", 32'sb00000000000000000000000000000000, S_0x55aca9481f70 {0 0 0};
    %pushi/vec4 0, 0, 1;
    %store/vec4 v0x55aca94a9cc0_0, 0, 1;
    %pushi/vec4 0, 0, 1;
    %store/vec4 v0x55aca94aa0e0_0, 0, 1;
    %pushi/vec4 1, 0, 1;
    %store/vec4 v0x55aca94a9d80_0, 0, 1;
    %pushi/vec4 0, 0, 4;
    %store/vec4 v0x55aca94a9f20_0, 0, 4;
    %pushi/vec4 0, 0, 32;
    %store/vec4 v0x55aca94a9e50_0, 0, 32;
T_2.0 ;
    %load/vec4 v0x55aca94a9e50_0;
    %cmpi/s 22, 0, 32;
    %jmp/0xz T_2.1, 5;
    %delay 10, 0;
    %load/vec4 v0x55aca94a9cc0_0;
    %inv;
    %store/vec4 v0x55aca94a9cc0_0, 0, 1;
    %load/vec4 v0x55aca94a9ff0_0;
    %assign/vec4 v0x55aca94a9f20_0, 0;
    %load/vec4 v0x55aca94a9e50_0;
    %addi 1, 0, 32;
    %store/vec4 v0x55aca94a9e50_0, 0, 32;
    %jmp T_2.0;
T_2.1 ;
    %end;
    .thread T_2;
# The file index is used to find the file name in the following table.
:file_names 4;
    "N/A";
    "<interactive>";
    "Counter_tb.v";
    "./../hdl/Counter.v";
